app/seeds.txt
cn.joyway.ala.MainService
cn.joyway.ala.JoywayAlarmApplication: JoywayAlarmApplication()
cn.joyway.ala.MainService: MainService()
cn.joyway.ala.BootBroadcastReceiver: BootBroadcastReceiver()
cn.joyway.ala.BootBroadcastReceiver
cn.joyway.ala.activity.Activity_base
cn.joyway.ala.activity.Activity_base: Activity_base()
cn.joyway.ala.JoywayAlarmApplication
...
androidx.appcompat.widget.SearchView: void setInputType(int)
androidx.appcompat.widget.Toolbar: void setTitleTextColor(int)
androidx.appcompat.widget.LinearLayoutCompat: void setOrientation(int)
androidx.appcompat.widget.AppCompatSpinner: int getDropDownVerticalOffset()
androidx.appcompat.widget.AppCompatImageButton: android.content.res.ColorStateList getSupportImageTintList()
androidx.appcompat.widget.ActionMenuView: void setOverflowReserved(boolean)
org.xmlpull.v1.XmlPullParserFactory: void setValidating(boolean)
com.makeramen.roundedimageview.RoundedImageView: void setTileModeY(android.graphics.Shader$TileMode)
androidx.appcompat.view.menu.ListMenuItemView: void setSubMenuArrowVisible(boolean)
androidx.appcompat.view.menu.ActionMenuItemView: void setTitle(java.lang.CharSequence)
com.google.android.gms.dynamite.DynamiteModule$DynamiteLoaderClassLoader: DynamiteModule$DynamiteLoaderClassLoader()
org.xmlpull.v1.XmlPullParser: int DOCDECL
androidx.appcompat.widget.SearchView: SearchView(android.content.Context)
androidx.appcompat.widget.AppCompatImageView: void setSupportImageTintMode(android.graphics.PorterDuff$Mode)
androidx.appcompat.widget.AppCompatEditText: android.content.res.ColorStateList getSupportBackgroundTintList()
androidx.appcompat.widget.AbsActionBarView: AbsActionBarView(android.content.Context,android.util.AttributeSet)
androidx.appcompat.widget.Toolbar: void setNavigationContentDescription(int)
androidx.appcompat.widget.ActionBarContainer: void setTransitioning(boolean)
androidx.appcompat.widget.AppCompatRadioButton: void setButtonDrawable(int)
org.xmlpull.v1.XmlPullParser: <clinit>()
androidx.lifecycle.Lifecycle$Event: androidx.lifecycle.Lifecycle$Event valueOf(java.lang.String)
androidx.lifecycle.Lifecycle$Event: androidx.lifecycle.Lifecycle$Event ON_DESTROY
androidx.appcompat.widget.MenuPopupWindow$MenuDropDownListView: void setSelector(android.graphics.drawable.Drawable)
androidx.appcompat.widget.AlertDialogLayout: AlertDialogLayout(android.content.Context,android.util.AttributeSet)
androidx.vectordrawable.graphics.drawable.VectorDrawableCompat$VFullPath
androidx.appcompat.widget.AppCompatTextView: void setFirstBaselineToTopHeight(int)
org.xmlpull.v1.XmlPullParser: java.lang.String getAttributeNamespace(int)
androidx.appcompat.widget.SearchView: int getSuggestionRowLayout()
androidx.appcompat.widget.ContentFrameLayout: ContentFrameLayout(android.content.Context,android.util.AttributeSet)
androidx.core.app.CoreComponentFactory: CoreComponentFactory()
org.xmlpull.v1.XmlPullParserException: int getColumnNumber()
androidx.appcompat.widget.AppCompatMultiAutoCompleteTextView
androidx.vectordrawable.graphics.drawable.VectorDrawableCompat$VectorDrawableCompatState
androidx.annotation.Keep
androidx.appcompat.widget.SearchView: void setOnCloseListener(androidx.appcompat.widget.SearchView$OnCloseListener)
androidx.appcompat.widget.AppCompatButton: android.content.res.ColorStateList getSupportBackgroundTintList()
androidx.core.widget.NestedScrollView: NestedScrollView(android.content.Context,android.util.AttributeSet)
androidx.appcompat.widget.SearchView: int getSuggestionCommitIconResId()
androidx.versionedparcelable.CustomVersionedParcelable
org.xmlpull.v1.XmlPullParser: java.lang.String getAttributeType(int)
androidx.appcompat.widget.Toolbar: void setOverflowIcon(android.graphics.drawable.Drawable)
androidx.appcompat.widget.AbsActionBarView: void setContentHeight(int)
com.makeramen.roundedimageview.RoundedImageView: void setCornerRadiusDimen(int)
org.xmlpull.v1.XmlSerializer: org.xmlpull.v1.XmlSerializer endTag(java.lang.String,java.lang.String)
androidx.appcompat.widget.AppCompatButton: void setBackgroundResource(int)
androidx.appcompat.widget.LinearLayoutCompat
androidx.appcompat.widget.LinearLayoutCompat: LinearLayoutCompat(android.content.Context)
androidx.appcompat.widget.ActionBarContextView: void setContentHeight(int)
androidx.appcompat.widget.AppCompatSpinner: java.lang.CharSequence getPrompt()