app/mapping.txt
# compiler: R8
# compiler_version: 2.1.86
# min_api: 18
# pg_map_id: 23ef325
# common_typos_disable
cn.joyway.ala.BootBroadcastReceiver -> cn.joyway.ala.BootBroadcastReceiver:
    9:9:void <init>() -> <init>
    16:37:void onReceive(android.content.Context,android.content.Intent) -> onReceive
cn.joyway.ala.BootBroadcastReceiver$1 -> cn.joyway.ala.BootBroadcastReceiver$a:
    20:20:void <init>(cn.joyway.ala.BootBroadcastReceiver) -> <init>
    24:33:void run() -> run
cn.joyway.ala.JoywayAlarmApplication -> cn.joyway.ala.JoywayAlarmApplication:
    cn.joyway.ala.JoywayAlarmApplication mInstance -> b
    18:18:void <clinit>() -> <clinit>
    15:20:void <init>() -> <init>
    24:58:void init() -> a
    76:76:cn.joyway.ala.JoywayAlarmApplication sharedInstance() -> b
    63:71:void onCreate() -> onCreate
    101:103:void onTerminate() -> onTerminate
cn.joyway.ala.MainService -> cn.joyway.ala.MainService:
    21:21:void <clinit>() -> <clinit>
    19:90:void <init>() -> <init>
    68:88:void onTagConnectStatusChanged(java.lang.String,cn.joyway.lib.bluetooth.TagConnectStatus,cn.joyway.lib.bluetooth.TagConnectStatus) -> a
    121:122:void onDataSentToTag(java.lang.String,byte[],java.lang.String) -> b
    126:138:void onTagRssiChanged(java.lang.String,int,int) -> c
    97:117:void onTagData(java.lang.String,byte[],java.lang.String) -> d
    61:63:void onTagScanStatusChanged(cn.joyway.lib.bluetooth.TagScanEvent) -> e
    56:56:android.os.IBinder onBind(android.content.Intent) -> onBind
    30:31:void onCreate() -> onCreate
    35:36:void onDestroy() -> onDestroy
    42:51:int onStartCommand(android.content.Intent,int,int) -> onStartCommand
cn.joyway.ala.activity.Activity_base -> cn.joyway.ala.activity.Activity_base:
    java.lang.String tagMacAd -> c
    android.widget.Button button1 -> d
    android.widget.ImageView tagimage -> b
    49:57:void <init>() -> <init>
    129:129:void onTagConnectStatusChanged(java.lang.String,cn.joyway.lib.bluetooth.TagConnectStatus,cn.joyway.lib.bluetooth.TagConnectStatus) -> a
    187:189:void onDataSentToTag(java.lang.String,byte[],java.lang.String) -> b
    178:181:void onTagRssiChanged(java.lang.String,int,int) -> c
    133:173:void onTagData(java.lang.String,byte[],java.lang.String) -> d
    118:124:void onTagScanStatusChanged(cn.joyway.lib.bluetooth.TagScanEvent) -> e
    65:103:void onCreate(android.os.Bundle) -> onCreate
    110:113:void onDestroy() -> onDestroy
cn.joyway.ala.activity.Activity_base$1 -> cn.joyway.ala.activity.Activity_base$a:
    cn.joyway.ala.activity.Activity_base this$0 -> c
    android.widget.EditText val$editText -> b
    74:74:void <init>(cn.joyway.ala.activity.Activity_base,android.widget.EditText) -> <init>
    78:85:void onClick(android.view.View) -> onClick
...
androidx.appcompat.widget.ActionMenuView -> androidx.appcompat.widget.ActionMenuView:
    androidx.appcompat.view.menu.MenuBuilder$Callback mMenuBuilderCallback -> w
    android.content.Context mPopupContext -> r
    androidx.appcompat.view.menu.MenuBuilder mMenu -> q
    int mMinCellSize -> z
    androidx.appcompat.widget.ActionMenuPresenter mPresenter -> u
    androidx.appcompat.view.menu.MenuPresenter$Callback mActionMenuPresenterCallback -> v
    int mFormatItemsWidth -> y
    boolean mFormatItems -> x
    androidx.appcompat.widget.ActionMenuView$OnMenuItemClickListener mOnMenuItemClickListener -> B
    int mPopupTheme -> s
    boolean mReserveOverflow -> t
    int mGeneratedItemPadding -> A
    77:78:void <init>(android.content.Context) -> <init>
    81:88:void <init>(android.content.Context,android.util.AttributeSet) -> <init>
    581:584:androidx.appcompat.widget.ActionMenuView$LayoutParams generateDefaultLayoutParams() -> A
    589:589:androidx.appcompat.widget.ActionMenuView$LayoutParams generateLayoutParams(android.util.AttributeSet) -> B
    594:603:androidx.appcompat.widget.ActionMenuView$LayoutParams generateLayoutParams(android.view.ViewGroup$LayoutParams) -> C
    614:616:androidx.appcompat.widget.ActionMenuView$LayoutParams generateOverflowButtonLayoutParams() -> D
    731:743:boolean hasSupportDividerBeforeChildAt(int) -> E
    698:698:boolean hideOverflowMenu() -> F
    714:714:boolean isOverflowMenuShowPending() -> G
androidx.appcompat.widget.ActionMenuView$ActionMenuChildView -> androidx.appcompat.widget.ActionMenuView$a:
    boolean needsDividerBefore() -> a
    boolean needsDividerAfter() -> b
androidx.appcompat.widget.ActionMenuView$ActionMenuPresenterCallback -> androidx.appcompat.widget.ActionMenuView$b:
    791:792:void <init>() -> <init>
    796:796:void onCloseMenu(androidx.appcompat.view.menu.MenuBuilder,boolean) -> b
    800:800:boolean onOpenSubMenu(androidx.appcompat.view.menu.MenuBuilder) -> c
androidx.appcompat.widget.ActionMenuView$LayoutParams -> androidx.appcompat.widget.ActionMenuView$c:
    boolean expandable -> f
    int cellsUsed -> d
    boolean preventEdgeOffset -> g
    int extraPixels -> e
    boolean expanded -> h
    boolean isOverflowButton -> c
    831:832:void <init>(android.content.Context,android.util.AttributeSet) -> <init>
    835:836:void <init>(android.view.ViewGroup$LayoutParams) -> <init>
    839:841:void <init>(androidx.appcompat.widget.ActionMenuView$LayoutParams) -> <init>
    844:846:void <init>(int,int) -> <init>
androidx.appcompat.widget.ActionMenuView$MenuBuilderCallback -> androidx.appcompat.widget.ActionMenuView$d:
    androidx.appcompat.widget.ActionMenuView this$0 -> b
    773:774:void <init>(androidx.appcompat.widget.ActionMenuView) -> <init>
    784:787:void onMenuModeChange(androidx.appcompat.view.menu.MenuBuilder) -> a
    778:779:boolean onMenuItemSelected(androidx.appcompat.view.menu.MenuBuilder,android.view.MenuItem) -> b
androidx.appcompat.widget.ActionMenuView$OnMenuItemClickListener -> androidx.appcompat.widget.ActionMenuView$e:
androidx.appcompat.widget.ActivityChooserView$InnerLayout -> androidx.appcompat.widget.ActivityChooserView$InnerLayout:
    int[] TINT_ATTRS -> b
    866:866:void <clinit>() -> <clinit>
    871:875:void <init>(android.content.Context,android.util.AttributeSet) -> <init>
androidx.appcompat.widget.AlertDialogLayout -> androidx.appcompat.widget.AlertDialogLayout:
    59:60:void <init>(android.content.Context,android.util.AttributeSet) -> <init>
    71:206:boolean tryOnMeasure(int,int) -> A
    217:236:void forceUniformWidth(int,int) -> j
    265:345:void onLayout(boolean,int,int,int,int) -> onLayout
    64:68:void onMeasure(int,int) -> onMeasure
    348:349:void setChildFrame(android.view.View,int,int,int,int) -> y
    248:260:int resolveMinimumHeight(android.view.View) -> z