app/usage.txt
cn.joyway.ala.R$styleable
cn.joyway.ala.data.DeviceInfo
cn.joyway.ala.R$attr
cn.joyway.ala.R$anim
cn.joyway.ala.R$mipmap
cn.joyway.ala.R$interpolator
cn.joyway.ala.widget.RadarView
cn.joyway.ala.R$dimen
cn.joyway.ala.widget.PublicStyle
cn.joyway.ala.R$xml
cn.joyway.ala.widget.CircleWaveView
cn.joyway.ala.widget.ActionBar
cn.joyway.ala.data.Const
cn.joyway.ala.R$color
cn.joyway.ala.R$menu
cn.joyway.ala.widget.RadarView$RADAR_DIRECTION
cn.joyway.ala.R$id
cn.joyway.ala.data.TagRangeStatus
cn.joyway.ala.BootBroadcastReceiver:
    static final java.lang.String ACTION
cn.joyway.ala.JoywayAlarmApplication:
    public boolean isAppOnForeground()
cn.joyway.ala.R$integer
cn.joyway.ala.R$bool
cn.joyway.ala.widget.RadarView$ScanThread
cn.joyway.ala.data.DeviceAlarmInfo$AlertDialogType
cn.joyway.ala.widget.MessageBox
cn.joyway.ala.BuildConfig
cn.joyway.ala.widget.RadarView$ScanThread$1
cn.joyway.ala.widget.RounImageView
cn.joyway.ala.data.TagSignalComparator
cn.joyway.ala.data.TagStatusForAlarm
cn.joyway.ala.MainService:
    public static cn.joyway.ala.MainService sharedInstance()
cn.joyway.ala.data.MediaFileInfo
cn.joyway.ala.R$drawable
cn.joyway.ala.data.CameraIndex
cn.joyway.ala.R
cn.joyway.ala.R$style
cn.joyway.ala.R$string
cn.joyway.ala.R$raw
cn.joyway.ala.data.DeviceAlarmInfo
cn.joyway.ala.R$layout
cn.joyway.ala.activity.Activity_base:
    public java.lang.String devicetag
    public android.content.Context mContext
    public byte[] dbyte
    public java.lang.String ddd
cn.joyway.ala.BootBroadcastReceiver$1:
    final synthetic cn.joyway.ala.BootBroadcastReceiver this$0
cn.joyway.ala.JoywayAlarmApplication:
    android.content.Context mContext
cn.joyway.ala.MainService:
    android.content.Context _context
    long _tmLastTagData
    static cn.joyway.ala.MainService _instance
...
com.google.android.gms.common.util.ScopeUtil
com.google.android.gms.maps.internal.zzai
androidx.lifecycle.Transformations$2$1
com.google.android.gms.common.internal.IResolveAccountCallbacks
com.google.android.gms.common.internal.SignInButtonImpl
androidx.viewpager.widget.PagerTitleStrip$PageListener
com.google.android.gms.common.api.internal.zaau
org.kxml2.wap.wml.Wml
com.google.android.gms.maps.zzd
androidx.appcompat.app.ActionBar$DisplayOptions
com.google.android.gms.common.data.DataBufferSafeParcelable
org.kobjects.pim.VCard
com.google.android.gms.tasks.TaskExecutors$zza
org.ksoap2.serialization.KvmSerializable
androidx.appcompat.widget.ActionMenuPresenter$SavedState$1
androidx.vectordrawable.animated.R$integer
androidx.appcompat.widget.ActivityChooserModel$ActivityResolveInfo
cn.joyway.lib.bluetooth.dfu.nordic_dfu_lib.dfu.DfuSettingsConstants
com.google.android.gms.maps.internal.zzbh
com.google.android.gms.dynamic.RemoteCreator
com.google.android.gms.common.internal.ClientSettings$Builder:
    public final com.google.android.gms.common.internal.ClientSettings$Builder addRequiredScope(com.google.android.gms.common.api.Scope)
    public final com.google.android.gms.common.internal.ClientSettings$Builder setOptionalApiSettingsMap(java.util.Map)
    public final com.google.android.gms.common.internal.ClientSettings$Builder setGravityForPopups(int)
    public final com.google.android.gms.common.internal.ClientSettings$Builder setViewForPopups(android.view.View)
    public final com.google.android.gms.common.internal.ClientSettings$Builder setSignInOptions(com.google.android.gms.signin.SignInOptions)
    public final com.google.android.gms.common.internal.ClientSettings$Builder enableSignInClientDisconnectFix()
com.google.android.gms.common.internal.SimpleClientAdapter:
    public void <init>(android.content.Context,android.os.Looper,int,com.google.android.gms.common.api.GoogleApiClient$ConnectionCallbacks,com.google.android.gms.common.api.GoogleApiClient$OnConnectionFailedListener,com.google.android.gms.common.internal.ClientSettings,com.google.android.gms.common.api.Api$SimpleClient)
cn.joyway.lib.hardware.FlashLight
com.google.android.gms.common.api.internal.GoogleServices
androidx.annotation.RequiresFeature
androidx.constraintlayout.solver.ArrayRow
cn.joyway.lib.R$layout
com.google.android.gms.maps.internal.zzz
com.google.android.gms.base.R$string:
    private void <init>()
    public static final int common_signin_button_text
    public static final int common_signin_button_text_long
org.kobjects.mime.Decoder
androidx.core.os.ParcelCompat
com.google.android.gms.common.server.response.zac
androidx.annotation.Px
androidx.customview.widget.ViewDragHelper$Callback
androidx.appcompat.widget.AppCompatImageButton:
    public void <init>(android.content.Context)
androidx.vectordrawable.R$color
androidx.core.R$id:
    private void <init>()
    public static final int action_container
    public static final int action_divider
    public static final int action_image
    public static final int action_text
    public static final int actions
    public static final int async
    public static final int blocking
    public static final int chronometer
    public static final int dialog_button
    public static final int forever
    public static final int icon
    public static final int icon_group
    public static final int info
    public static final int italic
    public static final int line1
    public static final int line3
    public static final int normal
    public static final int notification_background
    public static final int notification_main_column
    public static final int notification_main_column_container
    public static final int right_icon
    public static final int right_side
    public static final int text
    public static final int text2
    public static final int time
    public static final int title
com.google.android.gms.common.internal.safeparcel.SafeParcelable$VersionField